2020-03-24 02:34:33,269 CRIT Supervisor running as root (no user in config file)
2020-03-24 02:34:33,277 INFO supervisord started with pid 1
2020-03-24 02:34:34,280 INFO spawned: 'exit_on_any_fatal' with pid 34
2020-03-24 02:34:34,282 INFO spawned: 'apache' with pid 35
2020-03-24 02:34:34,285 INFO spawned: 'run_schedule' with pid 36
2020-03-24 02:34:35,346 INFO success: exit_on_any_fatal entered RUNNING state, process has stayed up for > than 1 seconds (startsecs)
2020-03-24 02:34:35,346 INFO success: apache entered RUNNING state, process has stayed up for > than 1 seconds (startsecs)
2020-03-24 02:34:35,346 INFO success: run_schedule entered RUNNING state, process has stayed up for > than 1 seconds (startsecs)
2020-03-24 03:21:17,196 WARN received SIGTERM indicating exit request
2020-03-24 03:21:17,205 INFO waiting for apache, exit_on_any_fatal, run_schedule to die
2020-03-24 03:21:18,206 INFO stopped: run_schedule (terminated by SIGTERM)
2020-03-24 03:21:18,251 INFO stopped: apache (terminated by SIGTERM)
2020-03-24 03:21:18,253 INFO stopped: exit_on_any_fatal (terminated by SIGTERM)
2020-03-24 03:22:44,242 CRIT Supervisor running as root (no user in config file)
2020-03-24 03:22:44,250 INFO supervisord started with pid 1
2020-03-24 03:22:45,253 INFO spawned: 'exit_on_any_fatal' with pid 16
2020-03-24 03:22:45,255 INFO spawned: 'apache' with pid 17
2020-03-24 03:22:45,260 INFO spawned: 'run_schedule' with pid 18
2020-03-24 03:22:46,414 INFO success: exit_on_any_fatal entered RUNNING state, process has stayed up for > than 1 seconds (startsecs)
2020-03-24 03:22:46,414 INFO success: apache entered RUNNING state, process has stayed up for > than 1 seconds (startsecs)
2020-03-24 03:22:46,415 INFO success: run_schedule entered RUNNING state, process has stayed up for > than 1 seconds (startsecs)
2020-03-24 05:35:30,893 WARN received SIGTERM indicating exit request
2020-03-24 05:35:30,894 INFO waiting for apache, exit_on_any_fatal, run_schedule to die
2020-03-24 05:35:31,896 INFO stopped: run_schedule (terminated by SIGTERM)
2020-03-24 05:35:31,918 INFO stopped: apache (terminated by SIGTERM)
2020-03-24 05:35:31,924 INFO stopped: exit_on_any_fatal (terminated by SIGTERM)
2020-03-24 05:40:26,764 CRIT Supervisor running as root (no user in config file)
2020-03-24 05:40:26,770 INFO supervisord started with pid 1
2020-03-24 05:40:27,773 INFO spawned: 'exit_on_any_fatal' with pid 16
2020-03-24 05:40:27,776 INFO spawned: 'apache' with pid 17
2020-03-24 05:40:27,779 INFO spawned: 'run_schedule' with pid 18
2020-03-24 05:40:27,836 INFO exited: apache (exit status 0; not expected)
2020-03-24 05:40:28,839 INFO success: exit_on_any_fatal entered RUNNING state, process has stayed up for > than 1 seconds (startsecs)
2020-03-24 05:40:28,841 INFO spawned: 'apache' with pid 23
2020-03-24 05:40:28,842 INFO success: run_schedule entered RUNNING state, process has stayed up for > than 1 seconds (startsecs)
2020-03-24 05:40:29,876 INFO success: apache entered RUNNING state, process has stayed up for > than 1 seconds (startsecs)
2020-03-25 02:14:03,027 WARN received SIGTERM indicating exit request
2020-03-25 02:14:03,154 INFO waiting for apache, exit_on_any_fatal, run_schedule to die
2020-03-25 02:14:04,157 INFO stopped: run_schedule (terminated by SIGTERM)
2020-03-25 02:14:04,201 INFO stopped: apache (terminated by SIGTERM)
2020-03-25 02:14:04,214 INFO stopped: exit_on_any_fatal (terminated by SIGTERM)
2020-03-25 02:15:40,195 CRIT Supervisor running as root (no user in config file)
2020-03-25 02:15:40,207 INFO supervisord started with pid 1
2020-03-25 02:15:41,210 INFO spawned: 'exit_on_any_fatal' with pid 16
2020-03-25 02:15:41,214 INFO spawned: 'apache' with pid 17
2020-03-25 02:15:41,219 INFO spawned: 'run_schedule' with pid 18
2020-03-25 02:15:42,370 INFO success: exit_on_any_fatal entered RUNNING state, process has stayed up for > than 1 seconds (startsecs)
2020-03-25 02:15:42,375 INFO success: apache entered RUNNING state, process has stayed up for > than 1 seconds (startsecs)
2020-03-25 02:15:42,379 INFO success: run_schedule entered RUNNING state, process has stayed up for > than 1 seconds (startsecs)
2020-03-25 09:58:44,625 WARN received SIGTERM indicating exit request
2020-03-25 09:58:44,628 INFO waiting for apache, exit_on_any_fatal, run_schedule to die
2020-03-25 09:58:44,791 INFO stopped: run_schedule (terminated by SIGTERM)
2020-03-25 09:58:44,792 INFO reaped unknown pid 959
2020-03-25 09:58:44,843 INFO stopped: apache (terminated by SIGTERM)
2020-03-25 09:58:44,846 INFO stopped: exit_on_any_fatal (terminated by SIGTERM)
2020-03-26 02:01:14,724 CRIT Supervisor running as root (no user in config file)
2020-03-26 02:01:14,732 INFO supervisord started with pid 1
2020-03-26 02:01:15,735 INFO spawned: 'exit_on_any_fatal' with pid 16
2020-03-26 02:01:15,737 INFO spawned: 'apache' with pid 17
2020-03-26 02:01:15,740 INFO spawned: 'run_schedule' with pid 18
2020-03-26 02:01:16,788 INFO success: exit_on_any_fatal entered RUNNING state, process has stayed up for > than 1 seconds (startsecs)
2020-03-26 02:01:16,792 INFO success: apache entered RUNNING state, process has stayed up for > than 1 seconds (startsecs)
2020-03-26 02:01:16,794 INFO success: run_schedule entered RUNNING state, process has stayed up for > than 1 seconds (startsecs)
2020-03-26 10:00:59,393 WARN received SIGTERM indicating exit request
2020-03-26 10:00:59,395 INFO waiting for apache, exit_on_any_fatal, run_schedule to die
2020-03-26 10:01:00,397 INFO stopped: run_schedule (terminated by SIGTERM)
2020-03-26 10:01:00,457 INFO stopped: apache (terminated by SIGTERM)
2020-03-26 10:01:00,477 INFO stopped: exit_on_any_fatal (terminated by SIGTERM)
